2025-09-26 11:28:22,647 - INFO - Skipping existing file: D:/VUB/_data/_isimip_3b/GFDL-ESM4/historical/GFDL-ESM4_pr_merged.nc
2025-09-26 11:28:22,649 - INFO - Skipping existing file: D:/VUB/_data/_isimip_3b/GFDL-ESM4/historical/GFDL-ESM4_tasmin_merged.nc
2025-09-26 11:28:22,649 - INFO - Skipping existing file: D:/VUB/_data/_isimip_3b/GFDL-ESM4/historical/GFDL-ESM4_tasmax_merged.nc
2025-09-26 11:28:22,651 - INFO - Skipping existing file: D:/VUB/_data/_isimip_3b/GFDL-ESM4/ssp370/GFDL-ESM4_pr_merged.nc
2025-09-26 11:28:22,652 - INFO - Skipping existing file: D:/VUB/_data/_isimip_3b/GFDL-ESM4/ssp370/GFDL-ESM4_tasmin_merged.nc
2025-09-26 11:28:22,654 - INFO - Skipping existing file: D:/VUB/_data/_isimip_3b/GFDL-ESM4/ssp370/GFDL-ESM4_tasmax_merged.nc
2025-09-26 11:28:22,654 - INFO - Skipping existing file: D:/VUB/_data/_isimip_3b/GFDL-ESM4/ssp585/GFDL-ESM4_pr_merged.nc
2025-09-26 11:28:22,656 - INFO - Skipping existing file: D:/VUB/_data/_isimip_3b/GFDL-ESM4/ssp585/GFDL-ESM4_tasmin_merged.nc
2025-09-26 11:28:22,656 - INFO - Skipping existing file: D:/VUB/_data/_isimip_3b/GFDL-ESM4/ssp585/GFDL-ESM4_tasmax_merged.nc
2025-09-26 11:28:22,658 - INFO - Skipping existing file: D:/VUB/_data/_isimip_3b/IPSL-CM6A-LR/historical/IPSL-CM6A-LR_pr_merged.nc
2025-09-26 11:28:22,658 - INFO - Skipping existing file: D:/VUB/_data/_isimip_3b/IPSL-CM6A-LR/historical/IPSL-CM6A-LR_tasmin_merged.nc
2025-09-26 11:28:22,660 - INFO - Skipping existing file: D:/VUB/_data/_isimip_3b/IPSL-CM6A-LR/historical/IPSL-CM6A-LR_tasmax_merged.nc
2025-09-26 11:28:22,660 - INFO - Skipping existing file: D:/VUB/_data/_isimip_3b/IPSL-CM6A-LR/ssp370/IPSL-CM6A-LR_pr_merged.nc
2025-09-26 11:28:22,663 - INFO - Skipping existing file: D:/VUB/_data/_isimip_3b/IPSL-CM6A-LR/ssp370/IPSL-CM6A-LR_tasmin_merged.nc
2025-09-26 11:28:22,663 - INFO - Skipping existing file: D:/VUB/_data/_isimip_3b/IPSL-CM6A-LR/ssp370/IPSL-CM6A-LR_tasmax_merged.nc
2025-09-26 11:28:22,664 - INFO - Skipping existing file: D:/VUB/_data/_isimip_3b/IPSL-CM6A-LR/ssp585/IPSL-CM6A-LR_pr_merged.nc
2025-09-26 11:28:22,664 - INFO - Skipping existing file: D:/VUB/_data/_isimip_3b/IPSL-CM6A-LR/ssp585/IPSL-CM6A-LR_tasmin_merged.nc
2025-09-26 11:28:22,666 - INFO - Skipping existing file: D:/VUB/_data/_isimip_3b/IPSL-CM6A-LR/ssp585/IPSL-CM6A-LR_tasmax_merged.nc
2025-09-26 11:28:22,666 - INFO - Skipping existing file: D:/VUB/_data/_isimip_3b/MPI-ESM1-2-HR/historical/MPI-ESM1-2-HR_pr_merged.nc
2025-09-26 11:28:22,669 - INFO - Skipping existing file: D:/VUB/_data/_isimip_3b/MPI-ESM1-2-HR/historical/MPI-ESM1-2-HR_tasmin_merged.nc
2025-09-26 11:28:22,671 - INFO - Skipping existing file: D:/VUB/_data/_isimip_3b/MPI-ESM1-2-HR/historical/MPI-ESM1-2-HR_tasmax_merged.nc
2025-09-26 11:28:22,673 - INFO - Skipping existing file: D:/VUB/_data/_isimip_3b/MPI-ESM1-2-HR/ssp370/MPI-ESM1-2-HR_pr_merged.nc
2025-09-26 11:28:22,675 - INFO - Skipping existing file: D:/VUB/_data/_isimip_3b/MPI-ESM1-2-HR/ssp370/MPI-ESM1-2-HR_tasmin_merged.nc
2025-09-26 11:28:22,675 - INFO - Skipping existing file: D:/VUB/_data/_isimip_3b/MPI-ESM1-2-HR/ssp370/MPI-ESM1-2-HR_tasmax_merged.nc
2025-09-26 11:28:22,677 - INFO - Skipping existing file: D:/VUB/_data/_isimip_3b/MPI-ESM1-2-HR/ssp585/MPI-ESM1-2-HR_pr_merged.nc
2025-09-26 11:28:22,677 - INFO - Skipping existing file: D:/VUB/_data/_isimip_3b/MPI-ESM1-2-HR/ssp585/MPI-ESM1-2-HR_tasmin_merged.nc
2025-09-26 11:28:22,679 - INFO - Skipping existing file: D:/VUB/_data/_isimip_3b/MPI-ESM1-2-HR/ssp585/MPI-ESM1-2-HR_tasmax_merged.nc
2025-09-26 11:28:22,681 - INFO - Skipping existing file: D:/VUB/_data/_isimip_3b/MRI-ESM2-0/historical/MRI-ESM2-0_pr_merged.nc
2025-09-26 11:28:22,683 - INFO - Skipping existing file: D:/VUB/_data/_isimip_3b/MRI-ESM2-0/historical/MRI-ESM2-0_tasmin_merged.nc
2025-09-26 11:28:22,684 - INFO - Skipping existing file: D:/VUB/_data/_isimip_3b/MRI-ESM2-0/historical/MRI-ESM2-0_tasmax_merged.nc
2025-09-26 11:28:22,688 - INFO - Skipping existing file: D:/VUB/_data/_isimip_3b/MRI-ESM2-0/ssp370/MRI-ESM2-0_pr_merged.nc
2025-09-26 11:28:22,690 - INFO - Skipping existing file: D:/VUB/_data/_isimip_3b/MRI-ESM2-0/ssp370/MRI-ESM2-0_tasmin_merged.nc
2025-09-26 11:28:22,690 - INFO - Skipping existing file: D:/VUB/_data/_isimip_3b/MRI-ESM2-0/ssp370/MRI-ESM2-0_tasmax_merged.nc
2025-09-26 11:28:22,692 - INFO - Skipping existing file: D:/VUB/_data/_isimip_3b/MRI-ESM2-0/ssp585/MRI-ESM2-0_pr_merged.nc
2025-09-26 11:28:22,692 - INFO - Skipping existing file: D:/VUB/_data/_isimip_3b/MRI-ESM2-0/ssp585/MRI-ESM2-0_tasmin_merged.nc
2025-09-26 11:28:22,694 - INFO - Skipping existing file: D:/VUB/_data/_isimip_3b/MRI-ESM2-0/ssp585/MRI-ESM2-0_tasmax_merged.nc
2025-09-26 11:28:22,694 - INFO - Skipping existing file: D:/VUB/_data/_isimip_3b/UKESM1-0-LL/historical/UKESM1-0-LL_pr_merged.nc
2025-09-26 11:28:22,696 - INFO - Skipping existing file: D:/VUB/_data/_isimip_3b/UKESM1-0-LL/historical/UKESM1-0-LL_tasmin_merged.nc
2025-09-26 11:28:22,698 - INFO - Skipping existing file: D:/VUB/_data/_isimip_3b/UKESM1-0-LL/historical/UKESM1-0-LL_tasmax_merged.nc
2025-09-26 11:28:22,698 - INFO - Skipping existing file: D:/VUB/_data/_isimip_3b/UKESM1-0-LL/ssp370/UKESM1-0-LL_pr_merged.nc
2025-09-26 11:28:22,701 - INFO - Skipping existing file: D:/VUB/_data/_isimip_3b/UKESM1-0-LL/ssp370/UKESM1-0-LL_tasmin_merged.nc
2025-09-26 11:28:22,704 - INFO - Skipping existing file: D:/VUB/_data/_isimip_3b/UKESM1-0-LL/ssp370/UKESM1-0-LL_tasmax_merged.nc
2025-09-26 11:28:22,704 - INFO - Skipping existing file: D:/VUB/_data/_isimip_3b/UKESM1-0-LL/ssp585/UKESM1-0-LL_pr_merged.nc
2025-09-26 11:28:22,706 - INFO - Skipping existing file: D:/VUB/_data/_isimip_3b/UKESM1-0-LL/ssp585/UKESM1-0-LL_tasmin_merged.nc
2025-09-26 11:28:22,706 - INFO - Skipping existing file: D:/VUB/_data/_isimip_3b/UKESM1-0-LL/ssp585/UKESM1-0-LL_tasmax_merged.nc
2025-09-26 12:17:41,231 - INFO - Skipping existing file: D:/VUB/_data/_isimip_3b/GFDL-ESM4/historical/GFDL-ESM4_pr_merged.nc
2025-09-26 12:17:41,231 - INFO - Skipping existing file: D:/VUB/_data/_isimip_3b/GFDL-ESM4/historical/GFDL-ESM4_tasmin_merged.nc
2025-09-26 12:17:41,231 - INFO - Skipping existing file: D:/VUB/_data/_isimip_3b/GFDL-ESM4/historical/GFDL-ESM4_tasmax_merged.nc
2025-09-26 12:17:41,231 - INFO - Skipping existing file: D:/VUB/_data/_isimip_3b/GFDL-ESM4/ssp370/GFDL-ESM4_pr_merged.nc
2025-09-26 12:17:41,231 - INFO - Skipping existing file: D:/VUB/_data/_isimip_3b/GFDL-ESM4/ssp370/GFDL-ESM4_tasmin_merged.nc
2025-09-26 12:17:41,231 - INFO - Skipping existing file: D:/VUB/_data/_isimip_3b/GFDL-ESM4/ssp370/GFDL-ESM4_tasmax_merged.nc
2025-09-26 12:17:41,231 - INFO - Skipping existing file: D:/VUB/_data/_isimip_3b/GFDL-ESM4/ssp585/GFDL-ESM4_pr_merged.nc
2025-09-26 12:17:41,231 - INFO - Merging 9 files for ('GFDL-ESM4', 'ssp585', 'tasmin')
2025-09-26 13:01:27,222 - INFO - Successfully saved: D:/VUB/_data/_isimip_3b/GFDL-ESM4/ssp585/GFDL-ESM4_tasmin_merged.nc
2025-09-26 13:01:27,224 - INFO - Skipping existing file: D:/VUB/_data/_isimip_3b/GFDL-ESM4/ssp585/GFDL-ESM4_tasmax_merged.nc
2025-09-26 13:01:27,224 - INFO - Skipping existing file: D:/VUB/_data/_isimip_3b/IPSL-CM6A-LR/historical/IPSL-CM6A-LR_pr_merged.nc
2025-09-26 13:01:27,225 - INFO - Skipping existing file: D:/VUB/_data/_isimip_3b/IPSL-CM6A-LR/historical/IPSL-CM6A-LR_tasmin_merged.nc
2025-09-26 13:01:27,225 - INFO - Skipping existing file: D:/VUB/_data/_isimip_3b/IPSL-CM6A-LR/historical/IPSL-CM6A-LR_tasmax_merged.nc
2025-09-26 13:01:27,226 - INFO - Skipping existing file: D:/VUB/_data/_isimip_3b/IPSL-CM6A-LR/ssp370/IPSL-CM6A-LR_pr_merged.nc
2025-09-26 13:01:27,227 - INFO - Skipping existing file: D:/VUB/_data/_isimip_3b/IPSL-CM6A-LR/ssp370/IPSL-CM6A-LR_tasmin_merged.nc
2025-09-26 13:01:27,228 - INFO - Skipping existing file: D:/VUB/_data/_isimip_3b/IPSL-CM6A-LR/ssp370/IPSL-CM6A-LR_tasmax_merged.nc
2025-09-26 13:01:27,228 - INFO - Skipping existing file: D:/VUB/_data/_isimip_3b/IPSL-CM6A-LR/ssp585/IPSL-CM6A-LR_pr_merged.nc
2025-09-26 13:01:27,229 - INFO - Skipping existing file: D:/VUB/_data/_isimip_3b/IPSL-CM6A-LR/ssp585/IPSL-CM6A-LR_tasmin_merged.nc
2025-09-26 13:01:27,229 - INFO - Skipping existing file: D:/VUB/_data/_isimip_3b/IPSL-CM6A-LR/ssp585/IPSL-CM6A-LR_tasmax_merged.nc
2025-09-26 13:01:27,230 - INFO - Skipping existing file: D:/VUB/_data/_isimip_3b/MPI-ESM1-2-HR/historical/MPI-ESM1-2-HR_pr_merged.nc
2025-09-26 13:01:27,231 - INFO - Skipping existing file: D:/VUB/_data/_isimip_3b/MPI-ESM1-2-HR/historical/MPI-ESM1-2-HR_tasmin_merged.nc
2025-09-26 13:01:27,232 - INFO - Skipping existing file: D:/VUB/_data/_isimip_3b/MPI-ESM1-2-HR/historical/MPI-ESM1-2-HR_tasmax_merged.nc
2025-09-26 13:01:27,232 - INFO - Skipping existing file: D:/VUB/_data/_isimip_3b/MPI-ESM1-2-HR/ssp370/MPI-ESM1-2-HR_pr_merged.nc
2025-09-26 13:01:27,233 - INFO - Skipping existing file: D:/VUB/_data/_isimip_3b/MPI-ESM1-2-HR/ssp370/MPI-ESM1-2-HR_tasmin_merged.nc
2025-09-26 13:01:27,234 - INFO - Skipping existing file: D:/VUB/_data/_isimip_3b/MPI-ESM1-2-HR/ssp370/MPI-ESM1-2-HR_tasmax_merged.nc
2025-09-26 13:01:27,241 - INFO - Skipping existing file: D:/VUB/_data/_isimip_3b/MPI-ESM1-2-HR/ssp585/MPI-ESM1-2-HR_pr_merged.nc
2025-09-26 13:01:27,242 - INFO - Skipping existing file: D:/VUB/_data/_isimip_3b/MPI-ESM1-2-HR/ssp585/MPI-ESM1-2-HR_tasmin_merged.nc
2025-09-26 13:01:27,242 - INFO - Skipping existing file: D:/VUB/_data/_isimip_3b/MPI-ESM1-2-HR/ssp585/MPI-ESM1-2-HR_tasmax_merged.nc
2025-09-26 13:01:27,243 - INFO - Skipping existing file: D:/VUB/_data/_isimip_3b/MRI-ESM2-0/historical/MRI-ESM2-0_pr_merged.nc
2025-09-26 13:01:27,245 - INFO - Skipping existing file: D:/VUB/_data/_isimip_3b/MRI-ESM2-0/historical/MRI-ESM2-0_tasmin_merged.nc
2025-09-26 13:01:27,246 - INFO - Skipping existing file: D:/VUB/_data/_isimip_3b/MRI-ESM2-0/historical/MRI-ESM2-0_tasmax_merged.nc
2025-09-26 13:01:27,249 - INFO - Skipping existing file: D:/VUB/_data/_isimip_3b/MRI-ESM2-0/ssp370/MRI-ESM2-0_pr_merged.nc
2025-09-26 13:01:27,250 - INFO - Skipping existing file: D:/VUB/_data/_isimip_3b/MRI-ESM2-0/ssp370/MRI-ESM2-0_tasmin_merged.nc
2025-09-26 13:01:27,250 - INFO - Skipping existing file: D:/VUB/_data/_isimip_3b/MRI-ESM2-0/ssp370/MRI-ESM2-0_tasmax_merged.nc
2025-09-26 13:01:27,251 - INFO - Skipping existing file: D:/VUB/_data/_isimip_3b/MRI-ESM2-0/ssp585/MRI-ESM2-0_pr_merged.nc
2025-09-26 13:01:27,251 - INFO - Skipping existing file: D:/VUB/_data/_isimip_3b/MRI-ESM2-0/ssp585/MRI-ESM2-0_tasmin_merged.nc
2025-09-26 13:01:27,256 - INFO - Skipping existing file: D:/VUB/_data/_isimip_3b/MRI-ESM2-0/ssp585/MRI-ESM2-0_tasmax_merged.nc
2025-09-26 13:01:27,257 - INFO - Skipping existing file: D:/VUB/_data/_isimip_3b/UKESM1-0-LL/historical/UKESM1-0-LL_pr_merged.nc
2025-09-26 13:01:27,257 - INFO - Skipping existing file: D:/VUB/_data/_isimip_3b/UKESM1-0-LL/historical/UKESM1-0-LL_tasmin_merged.nc
2025-09-26 13:01:27,258 - INFO - Skipping existing file: D:/VUB/_data/_isimip_3b/UKESM1-0-LL/historical/UKESM1-0-LL_tasmax_merged.nc
2025-09-26 13:01:27,258 - INFO - Skipping existing file: D:/VUB/_data/_isimip_3b/UKESM1-0-LL/ssp370/UKESM1-0-LL_pr_merged.nc
2025-09-26 13:01:27,259 - INFO - Skipping existing file: D:/VUB/_data/_isimip_3b/UKESM1-0-LL/ssp370/UKESM1-0-LL_tasmin_merged.nc
2025-09-26 13:01:27,259 - INFO - Skipping existing file: D:/VUB/_data/_isimip_3b/UKESM1-0-LL/ssp370/UKESM1-0-LL_tasmax_merged.nc
2025-09-26 13:01:27,260 - INFO - Skipping existing file: D:/VUB/_data/_isimip_3b/UKESM1-0-LL/ssp585/UKESM1-0-LL_pr_merged.nc
2025-09-26 13:01:27,261 - INFO - Skipping existing file: D:/VUB/_data/_isimip_3b/UKESM1-0-LL/ssp585/UKESM1-0-LL_tasmin_merged.nc
2025-09-26 13:01:27,261 - INFO - Skipping existing file: D:/VUB/_data/_isimip_3b/UKESM1-0-LL/ssp585/UKESM1-0-LL_tasmax_merged.nc
